This file contains any messages produced by compilers while
running configure, to aid debugging if configure makes a mistake.

It was created by configure, which was
generated by GNU Autoconf 2.64.  Invocation command line was

  $ /home/wink/docker/ubuntu12.04-gcc/srcs/binutils-gdb/sim/common/configure --disable-option-checking --prefix=/home/wink/docker/ubuntu12.04-gcc/opt/cross --with-gnu-as --with-gnu-ld --with-system-zlib --disable-nls --program-transform-name=s&^&arm-eabi-& --build=x86_64-unknown-linux-gnu --host=x86_64-unknown-linux-gnu --target=arm-eabi build_alias=x86_64-unknown-linux-gnu host_alias=x86_64-unknown-linux-gnu target_alias=arm-eabi CC=gcc CFLAGS=-g -O2 LDFLAGS=-static-libstdc++ -static-libgcc  --cache-file=.././config.cache --srcdir=/home/wink/docker/ubuntu12.04-gcc/srcs/binutils-gdb/sim/common

## --------- ##
## Platform. ##
## --------- ##

hostname = fcf30456c641
uname -m = x86_64
uname -r = 4.2.5-1-ARCH
uname -s = Linux
uname -v = #1 SMP PREEMPT Tue Oct 27 08:13:28 CET 2015

/usr/bin/uname -p = unknown
/bin/uname -X     = unknown

/bin/arch              = unknown
/usr/bin/arch -k       = unknown
/usr/convex/getsysinfo = unknown
/usr/bin/hostinfo      = unknown
/bin/machine           = unknown
/usr/bin/oslevel       = unknown
/bin/universe          = unknown

PATH: /usr/local/sbin
PATH: /usr/local/bin
PATH: /usr/sbin
PATH: /usr/bin
PATH: /sbin
PATH: /bin


## ----------- ##
## Core tests. ##
## ----------- ##

configure:2234: loading cache .././config.cache
configure:2327: checking for x86_64-unknown-linux-gnu-gcc
configure:2354: result: gcc
configure:2623: checking for C compiler version
configure:2632: gcc --version >&5
gcc (Ubuntu/Linaro 4.6.3-1ubuntu5) 4.6.3
Copyright (C) 2011 Free Software Foundation, Inc.
This is free software; see the source for copying conditions.  There is NO
warranty; not even for MERCHANTABILITY or FITNESS FOR A PARTICULAR PURPOSE.

configure:2643: $? = 0
configure:2632: gcc -v >&5
Using built-in specs.
COLLECT_GCC=gcc
COLLECT_LTO_WRAPPER=/usr/lib/gcc/x86_64-linux-gnu/4.6/lto-wrapper
Target: x86_64-linux-gnu
Configured with: ../src/configure -v --with-pkgversion='Ubuntu/Linaro 4.6.3-1ubuntu5' --with-bugurl=file:///usr/share/doc/gcc-4.6/README.Bugs --enable-languages=c,c++,fortran,objc,obj-c++ --prefix=/usr --program-suffix=-4.6 --enable-shared --enable-linker-build-id --with-system-zlib --libexecdir=/usr/lib --without-included-gettext --enable-threads=posix --with-gxx-include-dir=/usr/include/c++/4.6 --libdir=/usr/lib --enable-nls --with-sysroot=/ --enable-clocale=gnu --enable-libstdcxx-debug --enable-libstdcxx-time=yes --enable-gnu-unique-object --enable-plugin --enable-objc-gc --disable-werror --with-arch-32=i686 --with-tune=generic --enable-checking=release --build=x86_64-linux-gnu --host=x86_64-linux-gnu --target=x86_64-linux-gnu
Thread model: posix
gcc version 4.6.3 (Ubuntu/Linaro 4.6.3-1ubuntu5) 
configure:2643: $? = 0
configure:2632: gcc -V >&5
gcc: error: unrecognized option '-V'
gcc: fatal error: no input files
compilation terminated.
configure:2643: $? = 4
configure:2632: gcc -qversion >&5
gcc: error: unrecognized option '-qversion'
gcc: fatal error: no input files
compilation terminated.
configure:2643: $? = 4
configure:2663: checking for C compiler default output file name
configure:2685: gcc -g -O2  -static-libstdc++ -static-libgcc  conftest.c  >&5
configure:2689: $? = 0
configure:2726: result: a.out
configure:2742: checking whether the C compiler works
configure:2751: ./a.out
configure:2755: $? = 0
configure:2770: result: yes
configure:2777: checking whether we are cross compiling
configure:2779: result: no
configure:2782: checking for suffix of executables
configure:2789: gcc -o conftest -g -O2  -static-libstdc++ -static-libgcc  conftest.c  >&5
configure:2793: $? = 0
configure:2815: result: 
configure:2821: checking for suffix of object files
configure:2868: result: o
configure:2872: checking whether we are using the GNU C compiler
configure:2900: result: yes
configure:2909: checking whether gcc accepts -g
configure:2970: result: yes
configure:2987: checking for gcc option to accept ISO C89
configure:3064: result: none needed
configure:3111: checking build system type
configure:3125: result: x86_64-unknown-linux-gnu
configure:3145: checking host system type
configure:3158: result: x86_64-unknown-linux-gnu
configure:3178: checking target system type
configure:3191: result: arm-unknown-eabi
configure:3223: checking how to run the C preprocessor
configure:3293: result: gcc -E
configure:3313: gcc -E  conftest.c
configure:3313: $? = 0
configure:3327: gcc -E  conftest.c
conftest.c:9:28: fatal error: ac_nonexistent.h: No such file or directory
compilation terminated.
configure:3327: $? = 1
configure: failed program was:
| /* confdefs.h */
| #define PACKAGE_NAME ""
| #define PACKAGE_TARNAME ""
| #define PACKAGE_VERSION ""
| #define PACKAGE_STRING ""
| #define PACKAGE_BUGREPORT ""
| #define PACKAGE_URL ""
| /* end confdefs.h.  */
| #include <ac_nonexistent.h>
configure:3356: checking for grep that handles long lines and -e
configure:3414: result: /bin/grep
configure:3419: checking for egrep
configure:3481: result: /bin/grep -E
configure:3486: checking for ANSI C header files
configure:3590: result: yes
configure:3603: checking for sys/types.h
configure:3603: result: yes
configure:3603: checking for sys/stat.h
configure:3603: result: yes
configure:3603: checking for stdlib.h
configure:3603: result: yes
configure:3603: checking for string.h
configure:3603: result: yes
configure:3603: checking for memory.h
configure:3603: result: yes
configure:3603: checking for strings.h
configure:3603: result: yes
configure:3603: checking for inttypes.h
configure:3603: result: yes
configure:3603: checking for stdint.h
configure:3603: result: yes
configure:3603: checking for unistd.h
configure:3603: result: yes
configure:3617: checking for minix/config.h
configure:3617: result: no
configure:3638: checking whether it is safe to define __EXTENSIONS__
configure:3663: result: yes
configure:3701: checking for a BSD-compatible install
configure:3769: result: /usr/bin/install -c
configure:3837: checking how to print strings
configure:3864: result: printf
configure:3885: checking for a sed that does not truncate output
configure:3949: result: /bin/sed
configure:3967: checking for fgrep
configure:4029: result: /bin/grep -F
configure:4064: checking for ld used by gcc
configure:4131: result: ld
configure:4138: checking if the linker (ld) is GNU ld
configure:4153: result: yes
configure:4165: checking for BSD- or MS-compatible name lister (nm)
configure:4214: result: nm
configure:4344: checking the name lister (nm) interface
configure:4364: result: BSD nm
configure:4367: checking whether ln -s works
configure:4371: result: yes
configure:4379: checking the maximum length of command line arguments
configure:4504: result: 3458764513820540925
configure:4521: checking whether the shell understands some XSI constructs
configure:4531: result: yes
configure:4535: checking whether the shell understands "+="
configure:4541: result: yes
configure:4576: checking for ld option to reload object files
configure:4583: result: -r
configure:4612: checking for x86_64-unknown-linux-gnu-objdump
configure:4639: result: objdump
configure:4711: checking how to recognize dependent libraries
configure:4912: result: pass_all
configure:4932: checking for x86_64-unknown-linux-gnu-ar
configure:4959: result: ar
configure:5037: checking for x86_64-unknown-linux-gnu-strip
configure:5067: result: no
configure:5077: checking for strip
configure:5104: result: strip
configure:5136: checking for x86_64-unknown-linux-gnu-ranlib
configure:5163: result: ranlib
configure:5280: checking for gawk
configure:5307: result: gawk
configure:5347: checking command to parse nm output from gcc object
configure:5570: result: ok
configure:5665: gcc -c -g -O2  conftest.c >&5
configure:5668: $? = 0
configure:6418: checking for dlfcn.h
configure:6418: result: yes
configure:6454: checking for x86_64-unknown-linux-gnu-ranlib
configure:6481: result: ranlib
configure:6562: checking dependency style of gcc
configure:6647: result: gcc3
configure:6661: checking for make
configure:6688: result: make
configure:6728: checking whether NLS is requested
configure:6731: result: no
configure:6792: checking for stdlib.h
configure:6792: result: yes
configure:6792: checking for string.h
configure:6792: result: yes
configure:6792: checking for strings.h
configure:6792: result: yes
configure:6792: checking for unistd.h
configure:6792: result: yes
configure:6792: checking for time.h
configure:6792: result: yes
configure:6806: checking for sys/time.h
configure:6806: result: yes
configure:6806: checking for sys/resource.h
configure:6806: result: yes
configure:6820: checking for fcntl.h
configure:6820: result: yes
configure:6820: checking for fpu_control.h
configure:6820: result: yes
configure:6834: checking for dlfcn.h
configure:6834: result: yes
configure:6834: checking for errno.h
configure:6834: result: yes
configure:6834: checking for sys/stat.h
configure:6834: result: yes
configure:6848: checking for getrusage
configure:6848: result: yes
configure:6848: checking for time
configure:6848: result: yes
configure:6848: checking for sigaction
configure:6848: result: yes
configure:6848: checking for __setfpucw
configure:6848: result: no
configure:6860: checking for bind in -lsocket
configure:6894: result: no
configure:6905: checking for gethostbyname in -lnsl
configure:6939: result: yes
configure:6965: checking for library containing zlibVersion
configure:7013: result: -lz
configure:7020: checking for zlib.h
configure:7020: result: yes
configure:7043: checking for dlfcn.h
configure:7043: result: yes
configure:7056: checking for windows.h
configure:7056: result: no
configure:7083: checking for library containing dlopen
configure:7131: result: -ldl
configure:7324: checking for objdir
configure:7339: result: .libs
configure:7610: checking if gcc supports -fno-rtti -fno-exceptions
configure:7645: result: no
configure:7665: checking for gcc option to produce PIC
configure:7951: result: -fPIC -DPIC
configure:7963: checking if gcc PIC flag -fPIC -DPIC works
configure:7998: result: yes
configure:8022: checking if gcc static flag -static works
configure:8050: result: yes
configure:8065: checking if gcc supports -c -o file.o
configure:8112: result: yes
configure:8120: checking if gcc supports -c -o file.o
configure:8167: result: yes
configure:8200: checking whether the gcc linker (ld -m elf_x86_64) supports shared libraries
configure:9271: result: yes
configure:9308: checking whether -lc should be explicitly linked in
configure:9351: result: no
configure:9516: checking dynamic linker characteristics
configure:10189: result: GNU/Linux ld.so
configure:10296: checking how to hardcode library paths into programs
configure:10321: result: immediate
configure:10415: checking for shl_load
configure:10415: result: no
configure:10419: checking for shl_load in -ldld
configure:10453: result: no
configure:10458: checking for dlopen
configure:10458: result: yes
configure:10615: checking whether a program can dlopen itself
configure:10716: result: yes
configure:10721: checking whether a statically linked program can dlopen itself
configure:10822: result: no
configure:10861: checking whether stripping libraries is possible
configure:10866: result: yes
configure:10901: checking if libtool supports shared libraries
configure:10903: result: yes
configure:10906: checking whether to build shared libraries
configure:10927: result: yes
configure:10930: checking whether to build static libraries
configure:10934: result: yes
configure:10976: checking whether to enable maintainer-specific portions of Makefiles
configure:10985: result: no
configure:11174: checking return type of signal handlers
configure:11199: result: void
configure:11262: checking for stdlib.h
configure:11262: result: yes
configure:11262: checking for string.h
configure:11262: result: yes
configure:11262: checking for strings.h
configure:11262: result: yes
configure:11262: checking for time.h
configure:11262: result: yes
configure:11262: checking sys/times.h usability
configure:11262: gcc -c -g -O2  conftest.c >&5
configure:11262: $? = 0
configure:11262: result: yes
configure:11262: checking sys/times.h presence
configure:11262: gcc -E  conftest.c
configure:11262: $? = 0
configure:11262: result: yes
configure:11262: checking for sys/times.h
configure:11262: result: yes
configure:11262: checking for sys/stat.h
configure:11262: result: yes
configure:11262: checking sys/mman.h usability
configure:11262: gcc -c -g -O2  conftest.c >&5
configure:11262: $? = 0
configure:11262: result: yes
configure:11262: checking sys/mman.h presence
configure:11262: gcc -E  conftest.c
configure:11262: $? = 0
configure:11262: result: yes
configure:11262: checking for sys/mman.h
configure:11262: result: yes
configure:11276: checking for mmap
configure:11276: gcc -o conftest -g -O2  -static-libstdc++ -static-libgcc  conftest.c -ldl -lz -lnsl  >&5
configure:11276: $? = 0
configure:11276: result: yes
configure:11276: checking for munmap
configure:11276: gcc -o conftest -g -O2  -static-libstdc++ -static-libgcc  conftest.c -ldl -lz -lnsl  >&5
configure:11276: $? = 0
configure:11276: result: yes
configure:11276: checking for lstat
configure:11276: gcc -o conftest -g -O2  -static-libstdc++ -static-libgcc  conftest.c -ldl -lz -lnsl  >&5
configure:11276: $? = 0
configure:11276: result: yes
configure:11276: checking for truncate
configure:11276: gcc -o conftest -g -O2  -static-libstdc++ -static-libgcc  conftest.c -ldl -lz -lnsl  >&5
configure:11276: $? = 0
configure:11276: result: yes
configure:11276: checking for ftruncate
configure:11276: gcc -o conftest -g -O2  -static-libstdc++ -static-libgcc  conftest.c -ldl -lz -lnsl  >&5
configure:11276: $? = 0
configure:11276: result: yes
configure:11276: checking for posix_fallocate
configure:11276: gcc -o conftest -g -O2  -static-libstdc++ -static-libgcc  conftest.c -ldl -lz -lnsl  >&5
configure:11276: $? = 0
configure:11276: result: yes
configure:11286: checking for struct stat.st_dev
configure:11286: gcc -c -g -O2  conftest.c >&5
configure:11286: $? = 0
configure:11286: result: yes
configure:11301: checking for struct stat.st_ino
configure:11301: gcc -c -g -O2  conftest.c >&5
configure:11301: $? = 0
configure:11301: result: yes
configure:11316: checking for struct stat.st_mode
configure:11316: gcc -c -g -O2  conftest.c >&5
configure:11316: $? = 0
configure:11316: result: yes
configure:11331: checking for struct stat.st_nlink
configure:11331: gcc -c -g -O2  conftest.c >&5
configure:11331: $? = 0
configure:11331: result: yes
configure:11346: checking for struct stat.st_uid
configure:11346: gcc -c -g -O2  conftest.c >&5
configure:11346: $? = 0
configure:11346: result: yes
configure:11361: checking for struct stat.st_gid
configure:11361: gcc -c -g -O2  conftest.c >&5
configure:11361: $? = 0
configure:11361: result: yes
configure:11376: checking for struct stat.st_rdev
configure:11376: gcc -c -g -O2  conftest.c >&5
configure:11376: $? = 0
configure:11376: result: yes
configure:11391: checking for struct stat.st_size
configure:11391: gcc -c -g -O2  conftest.c >&5
configure:11391: $? = 0
configure:11391: result: yes
configure:11406: checking for struct stat.st_blksize
configure:11406: gcc -c -g -O2  conftest.c >&5
configure:11406: $? = 0
configure:11406: result: yes
configure:11421: checking for struct stat.st_blocks
configure:11421: gcc -c -g -O2  conftest.c >&5
configure:11421: $? = 0
configure:11421: result: yes
configure:11436: checking for struct stat.st_atime
configure:11436: gcc -c -g -O2  conftest.c >&5
configure:11436: $? = 0
configure:11436: result: yes
configure:11451: checking for struct stat.st_mtime
configure:11451: gcc -c -g -O2  conftest.c >&5
configure:11451: $? = 0
configure:11451: result: yes
configure:11466: checking for struct stat.st_ctime
configure:11466: gcc -c -g -O2  conftest.c >&5
configure:11466: $? = 0
configure:11466: result: yes
configure:11482: checking for socklen_t
configure:11482: gcc -c -g -O2  conftest.c >&5
configure:11482: $? = 0
configure:11482: gcc -c -g -O2  conftest.c >&5
conftest.c: In function 'main':
conftest.c:81:24: error: expected expression before ')' token
configure:11482: $? = 1
configure: failed program was:
| /* confdefs.h */
| #define PACKAGE_NAME ""
| #define PACKAGE_TARNAME ""
| #define PACKAGE_VERSION ""
| #define PACKAGE_STRING ""
| #define PACKAGE_BUGREPORT ""
| #define PACKAGE_URL ""
| #define STDC_HEADERS 1
| #define HAVE_SYS_TYPES_H 1
| #define HAVE_SYS_STAT_H 1
| #define HAVE_STDLIB_H 1
| #define HAVE_STRING_H 1
| #define HAVE_MEMORY_H 1
| #define HAVE_STRINGS_H 1
| #define HAVE_INTTYPES_H 1
| #define HAVE_STDINT_H 1
| #define HAVE_UNISTD_H 1
| #define __EXTENSIONS__ 1
| #define _ALL_SOURCE 1
| #define _GNU_SOURCE 1
| #define _POSIX_PTHREAD_SEMANTICS 1
| #define _TANDEM_SOURCE 1
| #define HAVE_DLFCN_H 1
| #define PACKAGE "sim"
| #define HAVE_STDLIB_H 1
| #define HAVE_STRING_H 1
| #define HAVE_STRINGS_H 1
| #define HAVE_UNISTD_H 1
| #define HAVE_TIME_H 1
| #define HAVE_SYS_TIME_H 1
| #define HAVE_SYS_RESOURCE_H 1
| #define HAVE_FCNTL_H 1
| #define HAVE_FPU_CONTROL_H 1
| #define HAVE_DLFCN_H 1
| #define HAVE_ERRNO_H 1
| #define HAVE_SYS_STAT_H 1
| #define HAVE_GETRUSAGE 1
| #define HAVE_TIME 1
| #define HAVE_SIGACTION 1
| #define HAVE_LIBNSL 1
| #define HAVE_ZLIB_H 1
| #define HAVE_DLFCN_H 1
| #define LT_OBJDIR ".libs/"
| #define PKGVERSION "(GDB) "
| #define REPORT_BUGS_TO "<http://www.gnu.org/software/gdb/bugs/>"
| #define RETSIGTYPE void
| #define HAVE_STDLIB_H 1
| #define HAVE_STRING_H 1
| #define HAVE_STRINGS_H 1
| #define HAVE_TIME_H 1
| #define HAVE_SYS_TIMES_H 1
| #define HAVE_SYS_STAT_H 1
| #define HAVE_SYS_MMAN_H 1
| #define HAVE_MMAP 1
| #define HAVE_MUNMAP 1
| #define HAVE_LSTAT 1
| #define HAVE_TRUNCATE 1
| #define HAVE_FTRUNCATE 1
| #define HAVE_POSIX_FALLOCATE 1
| #define HAVE_STRUCT_STAT_ST_DEV 1
| #define HAVE_STRUCT_STAT_ST_INO 1
| #define HAVE_STRUCT_STAT_ST_MODE 1
| #define HAVE_STRUCT_STAT_ST_NLINK 1
| #define HAVE_STRUCT_STAT_ST_UID 1
| #define HAVE_STRUCT_STAT_ST_GID 1
| #define HAVE_STRUCT_STAT_ST_RDEV 1
| #define HAVE_STRUCT_STAT_ST_SIZE 1
| #define HAVE_STRUCT_STAT_ST_BLKSIZE 1
| #define HAVE_STRUCT_STAT_ST_BLOCKS 1
| #define HAVE_STRUCT_STAT_ST_ATIME 1
| #define HAVE_STRUCT_STAT_ST_MTIME 1
| #define HAVE_STRUCT_STAT_ST_CTIME 1
| /* end confdefs.h.  */
| #include <sys/types.h>
| #include <sys/socket.h>
| 
| 
| int
| main ()
| {
| if (sizeof ((socklen_t)))
| 	    return 0;
|   ;
|   return 0;
| }
configure:11482: result: yes
configure:11565: updating cache .././config.cache
configure:11614: creating ./config.status

## ---------------------- ##
## Running config.status. ##
## ---------------------- ##

This file was extended by config.status, which was
generated by GNU Autoconf 2.64.  Invocation command line was

  CONFIG_FILES    = 
  CONFIG_HEADERS  = 
  CONFIG_LINKS    = 
  CONFIG_COMMANDS = 
  $ ./config.status 

on fcf30456c641

config.status:1150: creating Makefile
config.status:1150: creating cconfig.h
config.status:1323: executing depdir commands
config.status:1323: executing libtool commands
config.status:1323: executing default commands

## ---------------- ##
## Cache variables. ##
## ---------------- ##

ac_cv_build=x86_64-unknown-linux-gnu
ac_cv_c_compiler_gnu=yes
ac_cv_env_CC_set=set
ac_cv_env_CC_value=gcc
ac_cv_env_CFLAGS_set=set
ac_cv_env_CFLAGS_value='-g -O2'
ac_cv_env_CPPFLAGS_set=
ac_cv_env_CPPFLAGS_value=
ac_cv_env_CPP_set=
ac_cv_env_CPP_value=
ac_cv_env_LDFLAGS_set=set
ac_cv_env_LDFLAGS_value='-static-libstdc++ -static-libgcc '
ac_cv_env_LIBS_set=
ac_cv_env_LIBS_value=
ac_cv_env_build_alias_set=set
ac_cv_env_build_alias_value=x86_64-unknown-linux-gnu
ac_cv_env_host_alias_set=set
ac_cv_env_host_alias_value=x86_64-unknown-linux-gnu
ac_cv_env_target_alias_set=set
ac_cv_env_target_alias_value=arm-eabi
ac_cv_func___setfpucw=no
ac_cv_func_dlopen=yes
ac_cv_func_ftruncate=yes
ac_cv_func_getrusage=yes
ac_cv_func_lstat=yes
ac_cv_func_mmap=yes
ac_cv_func_munmap=yes
ac_cv_func_posix_fallocate=yes
ac_cv_func_shl_load=no
ac_cv_func_sigaction=yes
ac_cv_func_time=yes
ac_cv_func_truncate=yes
ac_cv_header_dlfcn_h=yes
ac_cv_header_errno_h=yes
ac_cv_header_fcntl_h=yes
ac_cv_header_fpu_control_h=yes
ac_cv_header_inttypes_h=yes
ac_cv_header_memory_h=yes
ac_cv_header_minix_config_h=no
ac_cv_header_stdc=yes
ac_cv_header_stdint_h=yes
ac_cv_header_stdlib_h=yes
ac_cv_header_string_h=yes
ac_cv_header_strings_h=yes
ac_cv_header_sys_mman_h=yes
ac_cv_header_sys_resource_h=yes
ac_cv_header_sys_stat_h=yes
ac_cv_header_sys_time_h=yes
ac_cv_header_sys_times_h=yes
ac_cv_header_sys_types_h=yes
ac_cv_header_time_h=yes
ac_cv_header_unistd_h=yes
ac_cv_header_windows_h=no
ac_cv_header_zlib_h=yes
ac_cv_host=x86_64-unknown-linux-gnu
ac_cv_lib_dld_shl_load=no
ac_cv_lib_nsl_gethostbyname=yes
ac_cv_lib_socket_bind=no
ac_cv_member_struct_stat_st_atime=yes
ac_cv_member_struct_stat_st_blksize=yes
ac_cv_member_struct_stat_st_blocks=yes
ac_cv_member_struct_stat_st_ctime=yes
ac_cv_member_struct_stat_st_dev=yes
ac_cv_member_struct_stat_st_gid=yes
ac_cv_member_struct_stat_st_ino=yes
ac_cv_member_struct_stat_st_mode=yes
ac_cv_member_struct_stat_st_mtime=yes
ac_cv_member_struct_stat_st_nlink=yes
ac_cv_member_struct_stat_st_rdev=yes
ac_cv_member_struct_stat_st_size=yes
ac_cv_member_struct_stat_st_uid=yes
ac_cv_objext=o
ac_cv_path_EGREP='/bin/grep -E'
ac_cv_path_FGREP='/bin/grep -F'
ac_cv_path_GREP=/bin/grep
ac_cv_path_SED=/bin/sed
ac_cv_prog_AR=ar
ac_cv_prog_AWK=gawk
ac_cv_prog_CC=gcc
ac_cv_prog_CPP='gcc -E'
ac_cv_prog_MAKE=make
ac_cv_prog_OBJDUMP=objdump
ac_cv_prog_RANLIB=ranlib
ac_cv_prog_ac_ct_STRIP=strip
ac_cv_prog_cc_c89=
ac_cv_prog_cc_g=yes
ac_cv_safe_to_define___extensions__=yes
ac_cv_search_dlopen=-ldl
ac_cv_search_zlibVersion=-lz
ac_cv_target=arm-unknown-eabi
ac_cv_type_signal=void
ac_cv_type_socklen_t=yes
am_cv_CC_dependencies_compiler_type=gcc3
lt_cv_archive_cmds_need_lc=no
lt_cv_deplibs_check_method=pass_all
lt_cv_dlopen=dlopen
lt_cv_dlopen_libs=
lt_cv_dlopen_self=yes
lt_cv_dlopen_self_static=no
lt_cv_file_magic_cmd='$MAGIC_CMD'
lt_cv_file_magic_test_file=
lt_cv_ld_reload_flag=-r
lt_cv_nm_interface='BSD nm'
lt_cv_objdir=.libs
lt_cv_path_LD=ld
lt_cv_path_NM=nm
lt_cv_prog_compiler_c_o=yes
lt_cv_prog_compiler_pic_works=yes
lt_cv_prog_compiler_rtti_exceptions=no
lt_cv_prog_compiler_static_works=yes
lt_cv_prog_gnu_ld=yes
lt_cv_shlibpath_overrides_runpath=no
lt_cv_sys_global_symbol_pipe='sed -n -e '\''s/^.*[	 ]\([ABCDGIRSTW][ABCDGIRSTW]*\)[	 ][	 ]*\([_A-Za-z][_A-Za-z0-9]*\)$/\1 \2 \2/p'\'''
lt_cv_sys_global_symbol_to_c_name_address='sed -n -e '\''s/^: \([^ ]*\) $/  {\"\1\", (void *) 0},/p'\'' -e '\''s/^[ABCDGIRSTW]* \([^ ]*\) \([^ ]*\)$/  {"\2", (void *) \&\2},/p'\'''
lt_cv_sys_global_symbol_to_c_name_address_lib_prefix='sed -n -e '\''s/^: \([^ ]*\) $/  {\"\1\", (void *) 0},/p'\'' -e '\''s/^[ABCDGIRSTW]* \([^ ]*\) \(lib[^ ]*\)$/  {"\2", (void *) \&\2},/p'\'' -e '\''s/^[ABCDGIRSTW]* \([^ ]*\) \([^ ]*\)$/  {"lib\2", (void *) \&\2},/p'\'''
lt_cv_sys_global_symbol_to_cdecl='sed -n -e '\''s/^T .* \(.*\)$/extern int \1();/p'\'' -e '\''s/^[ABCDGIRSTW]* .* \(.*\)$/extern char \1;/p'\'''
lt_cv_sys_max_cmd_len=3458764513820540925

## ----------------- ##
## Output variables. ##
## ----------------- ##

AR='ar'
AWK='gawk'
CATALOGS=''
CATOBJEXT=''
CC='gcc'
CCDEPMODE='depmode=gcc3'
CC_FOR_BUILD='$(CC)'
CFLAGS='-g -O2'
CPP='gcc -E'
CPPFLAGS=''
CPP_FOR_TARGET='`   if test -f $${rootme}/../../gcc/Makefile ; then     if test -f $${rootme}/../../$(TARGET_SUBDIR)/newlib/Makefile ; then       echo $${rootme}/../../gcc/xgcc -B$${rootme}/../../gcc/ -idirafter $${rootme}/../../$(TARGET_SUBDIR)/newlib/targ-include -idirafter $(srcroot)/newlib/libc/include -nostdinc;     else       echo $${rootme}/../../gcc/xgcc -B$${rootme}/../../gcc/;     fi;   else     if test '\''$(host_canonical)'\'' = '\''$(target_canonical)'\'' ; then       echo $(CC);     else       t='\''$(program_transform_name)'\''; echo gcc | sed -e '\''s/x/x/'\'' $$t;     fi;   fi` -E'
DATADIRNAME=''
DEFS='-DHAVE_CONFIG_H'
DEPDIR='.deps'
DSYMUTIL=''
DUMPBIN=''
ECHO_C=''
ECHO_N='-n'
ECHO_T=''
EGREP='/bin/grep -E'
EXEEXT=''
FGREP='/bin/grep -F'
GENCAT=''
GMAKE_FALSE='#'
GMAKE_TRUE=''
GMSGFMT='/usr/bin/msgfmt'
GREP='/bin/grep'
HDEFINES=''
INCINTL=''
INSTALL_DATA='/usr/bin/install -c -m 644'
INSTALL_PROGRAM='/usr/bin/install -c'
INSTALL_SCRIPT='/usr/bin/install -c'
INSTOBJEXT=''
LD='ld -m elf_x86_64'
LDFLAGS='-static-libstdc++ -static-libgcc '
LIBINTL=''
LIBINTL_DEP=''
LIBOBJS=''
LIBS='-ldl -lz -lnsl '
LIBTOOL='$(SHELL) $(top_builddir)/libtool'
LIPO=''
LN_S='ln -s'
LTLIBOBJS=''
MAINT='#'
MAINTAINER_MODE_FALSE=''
MAINTAINER_MODE_TRUE='#'
MAKE='make'
NM='nm'
NMEDIT=''
OBJDUMP='objdump'
OBJEXT='o'
OTOOL64=''
OTOOL=''
PACKAGE='sim'
PACKAGE_BUGREPORT=''
PACKAGE_NAME=''
PACKAGE_STRING=''
PACKAGE_TARNAME=''
PACKAGE_URL=''
PACKAGE_VERSION=''
PATH_SEPARATOR=':'
PKGVERSION='(GDB) '
PLUGINS_FALSE='#'
PLUGINS_TRUE=''
POSUB=''
RANLIB='ranlib'
REPORT_BUGS_TEXI='@uref{http://www.gnu.org/software/gdb/bugs/}'
REPORT_BUGS_TO='<http://www.gnu.org/software/gdb/bugs/>'
SED='/bin/sed'
SHELL='/bin/bash'
STRIP='strip'
TARGET_SUBDIR='arm-eabi'
USE_NLS='no'
WARN_CFLAGS=''
WERROR_CFLAGS=''
XGETTEXT='/usr/bin/xgettext'
ac_ct_CC=''
ac_ct_DUMPBIN=''
am__leading_dot='.'
bindir='${exec_prefix}/bin'
build='x86_64-unknown-linux-gnu'
build_alias='x86_64-unknown-linux-gnu'
build_cpu='x86_64'
build_os='linux-gnu'
build_vendor='unknown'
datadir='${datarootdir}'
datarootdir='${prefix}/share'
docdir='${datarootdir}/doc/${PACKAGE}'
dvidir='${docdir}'
exec_prefix='${prefix}'
host='x86_64-unknown-linux-gnu'
host_alias='x86_64-unknown-linux-gnu'
host_cpu='x86_64'
host_os='linux-gnu'
host_vendor='unknown'
htmldir='${docdir}'
includedir='${prefix}/include'
infodir='${datarootdir}/info'
libdir='${exec_prefix}/lib'
libexecdir='${exec_prefix}/libexec'
localedir='${datarootdir}/locale'
localstatedir='${prefix}/var'
lt_cv_dlopen_libs=''
mandir='${datarootdir}/man'
oldincludedir='/usr/include'
pdfdir='${docdir}'
prefix='/home/wink/docker/ubuntu12.04-gcc/opt/cross'
program_transform_name='s&^&arm-eabi-&'
psdir='${docdir}'
sbindir='${exec_prefix}/sbin'
sharedstatedir='${prefix}/com'
sim_alignment=''
sim_assert=''
sim_bitsize=''
sim_bswap=''
sim_cflags=''
sim_debug=''
sim_default_model=''
sim_endian=''
sim_environment=''
sim_float=''
sim_hostendian=''
sim_hw=''
sim_hw_cflags=''
sim_hw_objs=''
sim_inline=''
sim_packages=''
sim_profile='-DPROFILE=1 -DWITH_PROFILE=-1'
sim_regparm=''
sim_reserved_bits=''
sim_scache=''
sim_smp=''
sim_stdcall=''
sim_stdio=''
sim_trace=''
sim_xor_endian=''
sysconfdir='${prefix}/etc'
target='arm-unknown-eabi'
target_alias='arm-eabi'
target_cpu='arm'
target_os='eabi'
target_vendor='unknown'

## ----------- ##
## confdefs.h. ##
## ----------- ##

/* confdefs.h */
#define PACKAGE_NAME ""
#define PACKAGE_TARNAME ""
#define PACKAGE_VERSION ""
#define PACKAGE_STRING ""
#define PACKAGE_BUGREPORT ""
#define PACKAGE_URL ""
#define STDC_HEADERS 1
#define HAVE_SYS_TYPES_H 1
#define HAVE_SYS_STAT_H 1
#define HAVE_STDLIB_H 1
#define HAVE_STRING_H 1
#define HAVE_MEMORY_H 1
#define HAVE_STRINGS_H 1
#define HAVE_INTTYPES_H 1
#define HAVE_STDINT_H 1
#define HAVE_UNISTD_H 1
#define __EXTENSIONS__ 1
#define _ALL_SOURCE 1
#define _GNU_SOURCE 1
#define _POSIX_PTHREAD_SEMANTICS 1
#define _TANDEM_SOURCE 1
#define HAVE_DLFCN_H 1
#define PACKAGE "sim"
#define HAVE_STDLIB_H 1
#define HAVE_STRING_H 1
#define HAVE_STRINGS_H 1
#define HAVE_UNISTD_H 1
#define HAVE_TIME_H 1
#define HAVE_SYS_TIME_H 1
#define HAVE_SYS_RESOURCE_H 1
#define HAVE_FCNTL_H 1
#define HAVE_FPU_CONTROL_H 1
#define HAVE_DLFCN_H 1
#define HAVE_ERRNO_H 1
#define HAVE_SYS_STAT_H 1
#define HAVE_GETRUSAGE 1
#define HAVE_TIME 1
#define HAVE_SIGACTION 1
#define HAVE_LIBNSL 1
#define HAVE_ZLIB_H 1
#define HAVE_DLFCN_H 1
#define LT_OBJDIR ".libs/"
#define PKGVERSION "(GDB) "
#define REPORT_BUGS_TO "<http://www.gnu.org/software/gdb/bugs/>"
#define RETSIGTYPE void
#define HAVE_STDLIB_H 1
#define HAVE_STRING_H 1
#define HAVE_STRINGS_H 1
#define HAVE_TIME_H 1
#define HAVE_SYS_TIMES_H 1
#define HAVE_SYS_STAT_H 1
#define HAVE_SYS_MMAN_H 1
#define HAVE_MMAP 1
#define HAVE_MUNMAP 1
#define HAVE_LSTAT 1
#define HAVE_TRUNCATE 1
#define HAVE_FTRUNCATE 1
#define HAVE_POSIX_FALLOCATE 1
#define HAVE_STRUCT_STAT_ST_DEV 1
#define HAVE_STRUCT_STAT_ST_INO 1
#define HAVE_STRUCT_STAT_ST_MODE 1
#define HAVE_STRUCT_STAT_ST_NLINK 1
#define HAVE_STRUCT_STAT_ST_UID 1
#define HAVE_STRUCT_STAT_ST_GID 1
#define HAVE_STRUCT_STAT_ST_RDEV 1
#define HAVE_STRUCT_STAT_ST_SIZE 1
#define HAVE_STRUCT_STAT_ST_BLKSIZE 1
#define HAVE_STRUCT_STAT_ST_BLOCKS 1
#define HAVE_STRUCT_STAT_ST_ATIME 1
#define HAVE_STRUCT_STAT_ST_MTIME 1
#define HAVE_STRUCT_STAT_ST_CTIME 1
#define HAVE_SOCKLEN_T 1

configure: exit 0
