This file contains any messages produced by compilers while
running configure, to aid debugging if configure makes a mistake.

It was created by configure, which was
generated by GNU Autoconf 2.64.  Invocation command line was

  $ /home/wink/docker/ubuntu12.04-gcc/srcs/binutils-gdb/sim/arm/configure --disable-option-checking --prefix=/home/wink/docker/ubuntu12.04-gcc/opt/cross --with-gnu-as --with-gnu-ld --with-system-zlib --disable-nls --program-transform-name=s&^&arm-eabi-& --build=x86_64-unknown-linux-gnu --host=x86_64-unknown-linux-gnu --target=arm-eabi build_alias=x86_64-unknown-linux-gnu host_alias=x86_64-unknown-linux-gnu target_alias=arm-eabi CC=gcc CFLAGS=-g -O2 LDFLAGS=-static-libstdc++ -static-libgcc  --cache-file=.././config.cache --srcdir=/home/wink/docker/ubuntu12.04-gcc/srcs/binutils-gdb/sim/arm

## --------- ##
## Platform. ##
## --------- ##

hostname = fcf30456c641
uname -m = x86_64
uname -r = 4.2.5-1-ARCH
uname -s = Linux
uname -v = #1 SMP PREEMPT Tue Oct 27 08:13:28 CET 2015

/usr/bin/uname -p = unknown
/bin/uname -X     = unknown

/bin/arch              = unknown
/usr/bin/arch -k       = unknown
/usr/convex/getsysinfo = unknown
/usr/bin/hostinfo      = unknown
/bin/machine           = unknown
/usr/bin/oslevel       = unknown
/bin/universe          = unknown

PATH: /usr/local/sbin
PATH: /usr/local/bin
PATH: /usr/sbin
PATH: /usr/bin
PATH: /sbin
PATH: /bin


## ----------- ##
## Core tests. ##
## ----------- ##

configure:2123: loading cache .././config.cache
configure:4057: checking for x86_64-unknown-linux-gnu-gcc
configure:4084: result: gcc
configure:4353: checking for C compiler version
configure:4362: gcc --version >&5
gcc (Ubuntu/Linaro 4.6.3-1ubuntu5) 4.6.3
Copyright (C) 2011 Free Software Foundation, Inc.
This is free software; see the source for copying conditions.  There is NO
warranty; not even for MERCHANTABILITY or FITNESS FOR A PARTICULAR PURPOSE.

configure:4373: $? = 0
configure:4362: gcc -v >&5
Using built-in specs.
COLLECT_GCC=gcc
COLLECT_LTO_WRAPPER=/usr/lib/gcc/x86_64-linux-gnu/4.6/lto-wrapper
Target: x86_64-linux-gnu
Configured with: ../src/configure -v --with-pkgversion='Ubuntu/Linaro 4.6.3-1ubuntu5' --with-bugurl=file:///usr/share/doc/gcc-4.6/README.Bugs --enable-languages=c,c++,fortran,objc,obj-c++ --prefix=/usr --program-suffix=-4.6 --enable-shared --enable-linker-build-id --with-system-zlib --libexecdir=/usr/lib --without-included-gettext --enable-threads=posix --with-gxx-include-dir=/usr/include/c++/4.6 --libdir=/usr/lib --enable-nls --with-sysroot=/ --enable-clocale=gnu --enable-libstdcxx-debug --enable-libstdcxx-time=yes --enable-gnu-unique-object --enable-plugin --enable-objc-gc --disable-werror --with-arch-32=i686 --with-tune=generic --enable-checking=release --build=x86_64-linux-gnu --host=x86_64-linux-gnu --target=x86_64-linux-gnu
Thread model: posix
gcc version 4.6.3 (Ubuntu/Linaro 4.6.3-1ubuntu5) 
configure:4373: $? = 0
configure:4362: gcc -V >&5
gcc: error: unrecognized option '-V'
gcc: fatal error: no input files
compilation terminated.
configure:4373: $? = 4
configure:4362: gcc -qversion >&5
gcc: error: unrecognized option '-qversion'
gcc: fatal error: no input files
compilation terminated.
configure:4373: $? = 4
configure:4393: checking for C compiler default output file name
configure:4415: gcc -g -O2  -static-libstdc++ -static-libgcc  conftest.c  >&5
configure:4419: $? = 0
configure:4456: result: a.out
configure:4472: checking whether the C compiler works
configure:4481: ./a.out
configure:4485: $? = 0
configure:4500: result: yes
configure:4507: checking whether we are cross compiling
configure:4509: result: no
configure:4512: checking for suffix of executables
configure:4519: gcc -o conftest -g -O2  -static-libstdc++ -static-libgcc  conftest.c  >&5
configure:4523: $? = 0
configure:4545: result: 
configure:4551: checking for suffix of object files
configure:4598: result: o
configure:4602: checking whether we are using the GNU C compiler
configure:4630: result: yes
configure:4639: checking whether gcc accepts -g
configure:4700: result: yes
configure:4717: checking for gcc option to accept ISO C89
configure:4794: result: none needed
configure:4841: checking build system type
configure:4855: result: x86_64-unknown-linux-gnu
configure:4875: checking host system type
configure:4888: result: x86_64-unknown-linux-gnu
configure:4908: checking target system type
configure:4921: result: arm-unknown-eabi
configure:4953: checking how to run the C preprocessor
configure:4984: gcc -E  conftest.c
configure:4984: $? = 0
configure:4998: gcc -E  conftest.c
conftest.c:9:28: fatal error: ac_nonexistent.h: No such file or directory
compilation terminated.
configure:4998: $? = 1
configure: failed program was:
| /* confdefs.h */
| #define PACKAGE_NAME ""
| #define PACKAGE_TARNAME ""
| #define PACKAGE_VERSION ""
| #define PACKAGE_STRING ""
| #define PACKAGE_BUGREPORT ""
| #define PACKAGE_URL ""
| /* end confdefs.h.  */
| #include <ac_nonexistent.h>
configure:5023: result: gcc -E
configure:5043: gcc -E  conftest.c
configure:5043: $? = 0
configure:5057: gcc -E  conftest.c
conftest.c:9:28: fatal error: ac_nonexistent.h: No such file or directory
compilation terminated.
configure:5057: $? = 1
configure: failed program was:
| /* confdefs.h */
| #define PACKAGE_NAME ""
| #define PACKAGE_TARNAME ""
| #define PACKAGE_VERSION ""
| #define PACKAGE_STRING ""
| #define PACKAGE_BUGREPORT ""
| #define PACKAGE_URL ""
| /* end confdefs.h.  */
| #include <ac_nonexistent.h>
configure:5086: checking for grep that handles long lines and -e
configure:5144: result: /bin/grep
configure:5149: checking for egrep
configure:5211: result: /bin/grep -E
configure:5216: checking for ANSI C header files
configure:5236: gcc -c -g -O2  conftest.c >&5
configure:5236: $? = 0
configure:5309: gcc -o conftest -g -O2  -static-libstdc++ -static-libgcc  conftest.c  >&5
configure:5309: $? = 0
configure:5309: ./conftest
configure:5309: $? = 0
configure:5320: result: yes
configure:5333: checking for sys/types.h
configure:5333: gcc -c -g -O2  conftest.c >&5
configure:5333: $? = 0
configure:5333: result: yes
configure:5333: checking for sys/stat.h
configure:5333: gcc -c -g -O2  conftest.c >&5
configure:5333: $? = 0
configure:5333: result: yes
configure:5333: checking for stdlib.h
configure:5333: gcc -c -g -O2  conftest.c >&5
configure:5333: $? = 0
configure:5333: result: yes
configure:5333: checking for string.h
configure:5333: gcc -c -g -O2  conftest.c >&5
configure:5333: $? = 0
configure:5333: result: yes
configure:5333: checking for memory.h
configure:5333: gcc -c -g -O2  conftest.c >&5
configure:5333: $? = 0
configure:5333: result: yes
configure:5333: checking for strings.h
configure:5333: gcc -c -g -O2  conftest.c >&5
configure:5333: $? = 0
configure:5333: result: yes
configure:5333: checking for inttypes.h
configure:5333: gcc -c -g -O2  conftest.c >&5
configure:5333: $? = 0
configure:5333: result: yes
configure:5333: checking for stdint.h
configure:5333: gcc -c -g -O2  conftest.c >&5
configure:5333: $? = 0
configure:5333: result: yes
configure:5333: checking for unistd.h
configure:5333: gcc -c -g -O2  conftest.c >&5
configure:5333: $? = 0
configure:5333: result: yes
configure:5347: checking minix/config.h usability
configure:5347: gcc -c -g -O2  conftest.c >&5
conftest.c:52:26: fatal error: minix/config.h: No such file or directory
compilation terminated.
configure:5347: $? = 1
configure: failed program was:
| /* confdefs.h */
| #define PACKAGE_NAME ""
| #define PACKAGE_TARNAME ""
| #define PACKAGE_VERSION ""
| #define PACKAGE_STRING ""
| #define PACKAGE_BUGREPORT ""
| #define PACKAGE_URL ""
| #define STDC_HEADERS 1
| #define HAVE_SYS_TYPES_H 1
| #define HAVE_SYS_STAT_H 1
| #define HAVE_STDLIB_H 1
| #define HAVE_STRING_H 1
| #define HAVE_MEMORY_H 1
| #define HAVE_STRINGS_H 1
| #define HAVE_INTTYPES_H 1
| #define HAVE_STDINT_H 1
| #define HAVE_UNISTD_H 1
| /* end confdefs.h.  */
| #include <stdio.h>
| #ifdef HAVE_SYS_TYPES_H
| # include <sys/types.h>
| #endif
| #ifdef HAVE_SYS_STAT_H
| # include <sys/stat.h>
| #endif
| #ifdef STDC_HEADERS
| # include <stdlib.h>
| # include <stddef.h>
| #else
| # ifdef HAVE_STDLIB_H
| #  include <stdlib.h>
| # endif
| #endif
| #ifdef HAVE_STRING_H
| # if !defined STDC_HEADERS && defined HAVE_MEMORY_H
| #  include <memory.h>
| # endif
| # include <string.h>
| #endif
| #ifdef HAVE_STRINGS_H
| # include <strings.h>
| #endif
| #ifdef HAVE_INTTYPES_H
| # include <inttypes.h>
| #endif
| #ifdef HAVE_STDINT_H
| # include <stdint.h>
| #endif
| #ifdef HAVE_UNISTD_H
| # include <unistd.h>
| #endif
| #include <minix/config.h>
configure:5347: result: no
configure:5347: checking minix/config.h presence
configure:5347: gcc -E  conftest.c
conftest.c:19:26: fatal error: minix/config.h: No such file or directory
compilation terminated.
configure:5347: $? = 1
configure: failed program was:
| /* confdefs.h */
| #define PACKAGE_NAME ""
| #define PACKAGE_TARNAME ""
| #define PACKAGE_VERSION ""
| #define PACKAGE_STRING ""
| #define PACKAGE_BUGREPORT ""
| #define PACKAGE_URL ""
| #define STDC_HEADERS 1
| #define HAVE_SYS_TYPES_H 1
| #define HAVE_SYS_STAT_H 1
| #define HAVE_STDLIB_H 1
| #define HAVE_STRING_H 1
| #define HAVE_MEMORY_H 1
| #define HAVE_STRINGS_H 1
| #define HAVE_INTTYPES_H 1
| #define HAVE_STDINT_H 1
| #define HAVE_UNISTD_H 1
| /* end confdefs.h.  */
| #include <minix/config.h>
configure:5347: result: no
configure:5347: checking for minix/config.h
configure:5347: result: no
configure:5368: checking whether it is safe to define __EXTENSIONS__
configure:5386: gcc -c -g -O2  conftest.c >&5
configure:5386: $? = 0
configure:5393: result: yes
configure:5431: checking for a BSD-compatible install
configure:5499: result: /usr/bin/install -c
configure:5567: checking how to print strings
configure:5594: result: printf
configure:5615: checking for a sed that does not truncate output
configure:5679: result: /bin/sed
configure:5697: checking for fgrep
configure:5759: result: /bin/grep -F
configure:5794: checking for ld used by gcc
configure:5861: result: ld
configure:5868: checking if the linker (ld) is GNU ld
configure:5883: result: yes
configure:5895: checking for BSD- or MS-compatible name lister (nm)
configure:5944: result: nm
configure:6074: checking the name lister (nm) interface
configure:6081: gcc -c -g -O2  conftest.c >&5
configure:6084: nm "conftest.o"
configure:6087: output
0000000000000000 B some_variable
configure:6094: result: BSD nm
configure:6097: checking whether ln -s works
configure:6101: result: yes
configure:6109: checking the maximum length of command line arguments
configure:6234: result: 3458764513820540925
configure:6251: checking whether the shell understands some XSI constructs
configure:6261: result: yes
configure:6265: checking whether the shell understands "+="
configure:6271: result: yes
configure:6306: checking for ld option to reload object files
configure:6313: result: -r
configure:6342: checking for x86_64-unknown-linux-gnu-objdump
configure:6369: result: objdump
configure:6441: checking how to recognize dependent libraries
configure:6642: result: pass_all
configure:6662: checking for x86_64-unknown-linux-gnu-ar
configure:6689: result: ar
configure:6767: checking for x86_64-unknown-linux-gnu-strip
configure:6797: result: no
configure:6807: checking for strip
configure:6823: found /usr/bin/strip
configure:6834: result: strip
configure:6866: checking for x86_64-unknown-linux-gnu-ranlib
configure:6893: result: ranlib
configure:7010: checking for gawk
configure:7037: result: gawk
configure:7077: checking command to parse nm output from gcc object
configure:7195: gcc -c -g -O2  conftest.c >&5
configure:7198: $? = 0
configure:7202: nm conftest.o \| sed -n -e 's/^.*[ ]\([ABCDGIRSTW][ABCDGIRSTW]*\)[ ][ ]*\([_A-Za-z][_A-Za-z0-9]*\)$/\1 \2 \2/p' \> conftest.nm
configure:7205: $? = 0
configure:7259: gcc -o conftest -g -O2  -static-libstdc++ -static-libgcc  conftest.c conftstm.o >&5
configure:7262: $? = 0
configure:7300: result: ok
configure:7395: gcc -c -g -O2  conftest.c >&5
configure:7398: $? = 0
configure:8148: checking for dlfcn.h
configure:8148: gcc -c -g -O2  conftest.c >&5
configure:8148: $? = 0
configure:8148: result: yes
configure:8184: checking for x86_64-unknown-linux-gnu-ranlib
configure:8211: result: ranlib
configure:8292: checking dependency style of gcc
configure:8323: trying gcc3
| depmode=gcc3 source=sub/conftest.c object=sub/conftest.o depfile=sub/conftest.Po tmpdepfile=sub/conftest.TPo /bin/bash ./depcomp gcc -c -o sub/conftest.o sub/conftest.c
configure:8362: success
configure:8377: result: gcc3
configure:8391: checking for make
configure:8418: result: make
configure:8458: checking whether NLS is requested
configure:8461: result: no
configure:8522: checking for stdlib.h
configure:8522: result: yes
configure:8522: checking for string.h
configure:8522: result: yes
configure:8522: checking for strings.h
configure:8522: result: yes
configure:8522: checking for unistd.h
configure:8522: result: yes
configure:8522: checking time.h usability
configure:8522: gcc -c -g -O2  conftest.c >&5
configure:8522: $? = 0
configure:8522: result: yes
configure:8522: checking time.h presence
configure:8522: gcc -E  conftest.c
configure:8522: $? = 0
configure:8522: result: yes
configure:8522: checking for time.h
configure:8522: result: yes
configure:8536: checking sys/time.h usability
configure:8536: gcc -c -g -O2  conftest.c >&5
configure:8536: $? = 0
configure:8536: result: yes
configure:8536: checking sys/time.h presence
configure:8536: gcc -E  conftest.c
configure:8536: $? = 0
configure:8536: result: yes
configure:8536: checking for sys/time.h
configure:8536: result: yes
configure:8536: checking sys/resource.h usability
configure:8536: gcc -c -g -O2  conftest.c >&5
configure:8536: $? = 0
configure:8536: result: yes
configure:8536: checking sys/resource.h presence
configure:8536: gcc -E  conftest.c
configure:8536: $? = 0
configure:8536: result: yes
configure:8536: checking for sys/resource.h
configure:8536: result: yes
configure:8550: checking fcntl.h usability
configure:8550: gcc -c -g -O2  conftest.c >&5
configure:8550: $? = 0
configure:8550: result: yes
configure:8550: checking fcntl.h presence
configure:8550: gcc -E  conftest.c
configure:8550: $? = 0
configure:8550: result: yes
configure:8550: checking for fcntl.h
configure:8550: result: yes
configure:8550: checking fpu_control.h usability
configure:8550: gcc -c -g -O2  conftest.c >&5
configure:8550: $? = 0
configure:8550: result: yes
configure:8550: checking fpu_control.h presence
configure:8550: gcc -E  conftest.c
configure:8550: $? = 0
configure:8550: result: yes
configure:8550: checking for fpu_control.h
configure:8550: result: yes
configure:8564: checking for dlfcn.h
configure:8564: result: yes
configure:8564: checking errno.h usability
configure:8564: gcc -c -g -O2  conftest.c >&5
configure:8564: $? = 0
configure:8564: result: yes
configure:8564: checking errno.h presence
configure:8564: gcc -E  conftest.c
configure:8564: $? = 0
configure:8564: result: yes
configure:8564: checking for errno.h
configure:8564: result: yes
configure:8564: checking for sys/stat.h
configure:8564: result: yes
configure:8578: checking for getrusage
configure:8578: gcc -o conftest -g -O2  -static-libstdc++ -static-libgcc  conftest.c  >&5
configure:8578: $? = 0
configure:8578: result: yes
configure:8578: checking for time
configure:8578: gcc -o conftest -g -O2  -static-libstdc++ -static-libgcc  conftest.c  >&5
configure:8578: $? = 0
configure:8578: result: yes
configure:8578: checking for sigaction
configure:8578: gcc -o conftest -g -O2  -static-libstdc++ -static-libgcc  conftest.c  >&5
configure:8578: $? = 0
configure:8578: result: yes
configure:8578: checking for __setfpucw
configure:8578: gcc -o conftest -g -O2  -static-libstdc++ -static-libgcc  conftest.c  >&5
/tmp/ccKSU8nf.o: In function `main':
/home/wink/docker/ubuntu12.04-gcc/build/binutils-gdb/sim/arm/conftest.c:75: undefined reference to `__setfpucw'
collect2: ld returned 1 exit status
configure:8578: $? = 1
configure: failed program was:
| /* confdefs.h */
| #define PACKAGE_NAME ""
| #define PACKAGE_TARNAME ""
| #define PACKAGE_VERSION ""
| #define PACKAGE_STRING ""
| #define PACKAGE_BUGREPORT ""
| #define PACKAGE_URL ""
| #define STDC_HEADERS 1
| #define HAVE_SYS_TYPES_H 1
| #define HAVE_SYS_STAT_H 1
| #define HAVE_STDLIB_H 1
| #define HAVE_STRING_H 1
| #define HAVE_MEMORY_H 1
| #define HAVE_STRINGS_H 1
| #define HAVE_INTTYPES_H 1
| #define HAVE_STDINT_H 1
| #define HAVE_UNISTD_H 1
| #define __EXTENSIONS__ 1
| #define _ALL_SOURCE 1
| #define _GNU_SOURCE 1
| #define _POSIX_PTHREAD_SEMANTICS 1
| #define _TANDEM_SOURCE 1
| #define HAVE_DLFCN_H 1
| #define PACKAGE "sim"
| #define HAVE_STDLIB_H 1
| #define HAVE_STRING_H 1
| #define HAVE_STRINGS_H 1
| #define HAVE_UNISTD_H 1
| #define HAVE_TIME_H 1
| #define HAVE_SYS_TIME_H 1
| #define HAVE_SYS_RESOURCE_H 1
| #define HAVE_FCNTL_H 1
| #define HAVE_FPU_CONTROL_H 1
| #define HAVE_DLFCN_H 1
| #define HAVE_ERRNO_H 1
| #define HAVE_SYS_STAT_H 1
| #define HAVE_GETRUSAGE 1
| #define HAVE_TIME 1
| #define HAVE_SIGACTION 1
| /* end confdefs.h.  */
| /* Define __setfpucw to an innocuous variant, in case <limits.h> declares __setfpucw.
|    For example, HP-UX 11i <limits.h> declares gettimeofday.  */
| #define __setfpucw innocuous___setfpucw
| 
| /* System header to define __stub macros and hopefully few prototypes,
|     which can conflict with char __setfpucw (); below.
|     Prefer <limits.h> to <assert.h> if __STDC__ is defined, since
|     <limits.h> exists even on freestanding compilers.  */
| 
| #ifdef __STDC__
| # include <limits.h>
| #else
| # include <assert.h>
| #endif
| 
| #undef __setfpucw
| 
| /* Override any GCC internal prototype to avoid an error.
|    Use char because int might match the return type of a GCC
|    builtin and then its argument prototype would still apply.  */
| #ifdef __cplusplus
| extern "C"
| #endif
| char __setfpucw ();
| /* The GNU C library defines this for functions which it implements
|     to always fail with ENOSYS.  Some functions are actually named
|     something starting with __ and the normal name is an alias.  */
| #if defined __stub___setfpucw || defined __stub_____setfpucw
| choke me
| #endif
| 
| int
| main ()
| {
| return __setfpucw ();
|   ;
|   return 0;
| }
configure:8578: result: no
configure:8590: checking for bind in -lsocket
configure:8615: gcc -o conftest -g -O2  -static-libstdc++ -static-libgcc  conftest.c -lsocket   >&5
/usr/bin/ld: cannot find -lsocket
collect2: ld returned 1 exit status
configure:8615: $? = 1
configure: failed program was:
| /* confdefs.h */
| #define PACKAGE_NAME ""
| #define PACKAGE_TARNAME ""
| #define PACKAGE_VERSION ""
| #define PACKAGE_STRING ""
| #define PACKAGE_BUGREPORT ""
| #define PACKAGE_URL ""
| #define STDC_HEADERS 1
| #define HAVE_SYS_TYPES_H 1
| #define HAVE_SYS_STAT_H 1
| #define HAVE_STDLIB_H 1
| #define HAVE_STRING_H 1
| #define HAVE_MEMORY_H 1
| #define HAVE_STRINGS_H 1
| #define HAVE_INTTYPES_H 1
| #define HAVE_STDINT_H 1
| #define HAVE_UNISTD_H 1
| #define __EXTENSIONS__ 1
| #define _ALL_SOURCE 1
| #define _GNU_SOURCE 1
| #define _POSIX_PTHREAD_SEMANTICS 1
| #define _TANDEM_SOURCE 1
| #define HAVE_DLFCN_H 1
| #define PACKAGE "sim"
| #define HAVE_STDLIB_H 1
| #define HAVE_STRING_H 1
| #define HAVE_STRINGS_H 1
| #define HAVE_UNISTD_H 1
| #define HAVE_TIME_H 1
| #define HAVE_SYS_TIME_H 1
| #define HAVE_SYS_RESOURCE_H 1
| #define HAVE_FCNTL_H 1
| #define HAVE_FPU_CONTROL_H 1
| #define HAVE_DLFCN_H 1
| #define HAVE_ERRNO_H 1
| #define HAVE_SYS_STAT_H 1
| #define HAVE_GETRUSAGE 1
| #define HAVE_TIME 1
| #define HAVE_SIGACTION 1
| /* end confdefs.h.  */
| 
| /* Override any GCC internal prototype to avoid an error.
|    Use char because int might match the return type of a GCC
|    builtin and then its argument prototype would still apply.  */
| #ifdef __cplusplus
| extern "C"
| #endif
| char bind ();
| int
| main ()
| {
| return bind ();
|   ;
|   return 0;
| }
configure:8624: result: no
configure:8635: checking for gethostbyname in -lnsl
configure:8660: gcc -o conftest -g -O2  -static-libstdc++ -static-libgcc  conftest.c -lnsl   >&5
configure:8660: $? = 0
configure:8669: result: yes
configure:8695: checking for library containing zlibVersion
configure:8726: gcc -o conftest -g -O2  -static-libstdc++ -static-libgcc  conftest.c -lnsl  >&5
/tmp/cclPMygn.o: In function `main':
/home/wink/docker/ubuntu12.04-gcc/build/binutils-gdb/sim/arm/conftest.c:53: undefined reference to `zlibVersion'
collect2: ld returned 1 exit status
configure:8726: $? = 1
configure: failed program was:
| /* confdefs.h */
| #define PACKAGE_NAME ""
| #define PACKAGE_TARNAME ""
| #define PACKAGE_VERSION ""
| #define PACKAGE_STRING ""
| #define PACKAGE_BUGREPORT ""
| #define PACKAGE_URL ""
| #define STDC_HEADERS 1
| #define HAVE_SYS_TYPES_H 1
| #define HAVE_SYS_STAT_H 1
| #define HAVE_STDLIB_H 1
| #define HAVE_STRING_H 1
| #define HAVE_MEMORY_H 1
| #define HAVE_STRINGS_H 1
| #define HAVE_INTTYPES_H 1
| #define HAVE_STDINT_H 1
| #define HAVE_UNISTD_H 1
| #define __EXTENSIONS__ 1
| #define _ALL_SOURCE 1
| #define _GNU_SOURCE 1
| #define _POSIX_PTHREAD_SEMANTICS 1
| #define _TANDEM_SOURCE 1
| #define HAVE_DLFCN_H 1
| #define PACKAGE "sim"
| #define HAVE_STDLIB_H 1
| #define HAVE_STRING_H 1
| #define HAVE_STRINGS_H 1
| #define HAVE_UNISTD_H 1
| #define HAVE_TIME_H 1
| #define HAVE_SYS_TIME_H 1
| #define HAVE_SYS_RESOURCE_H 1
| #define HAVE_FCNTL_H 1
| #define HAVE_FPU_CONTROL_H 1
| #define HAVE_DLFCN_H 1
| #define HAVE_ERRNO_H 1
| #define HAVE_SYS_STAT_H 1
| #define HAVE_GETRUSAGE 1
| #define HAVE_TIME 1
| #define HAVE_SIGACTION 1
| #define HAVE_LIBNSL 1
| /* end confdefs.h.  */
| 
| /* Override any GCC internal prototype to avoid an error.
|    Use char because int might match the return type of a GCC
|    builtin and then its argument prototype would still apply.  */
| #ifdef __cplusplus
| extern "C"
| #endif
| char zlibVersion ();
| int
| main ()
| {
| return zlibVersion ();
|   ;
|   return 0;
| }
configure:8726: gcc -o conftest -g -O2  -static-libstdc++ -static-libgcc  conftest.c -lz  -lnsl  >&5
configure:8726: $? = 0
configure:8743: result: -lz
configure:8750: checking zlib.h usability
configure:8750: gcc -c -g -O2  conftest.c >&5
configure:8750: $? = 0
configure:8750: result: yes
configure:8750: checking zlib.h presence
configure:8750: gcc -E  conftest.c
configure:8750: $? = 0
configure:8750: result: yes
configure:8750: checking for zlib.h
configure:8750: result: yes
configure:8773: checking for dlfcn.h
configure:8773: result: yes
configure:8786: checking for windows.h
configure:8786: gcc -c -g -O2  conftest.c >&5
conftest.c:78:21: fatal error: windows.h: No such file or directory
compilation terminated.
configure:8786: $? = 1
configure: failed program was:
| /* confdefs.h */
| #define PACKAGE_NAME ""
| #define PACKAGE_TARNAME ""
| #define PACKAGE_VERSION ""
| #define PACKAGE_STRING ""
| #define PACKAGE_BUGREPORT ""
| #define PACKAGE_URL ""
| #define STDC_HEADERS 1
| #define HAVE_SYS_TYPES_H 1
| #define HAVE_SYS_STAT_H 1
| #define HAVE_STDLIB_H 1
| #define HAVE_STRING_H 1
| #define HAVE_MEMORY_H 1
| #define HAVE_STRINGS_H 1
| #define HAVE_INTTYPES_H 1
| #define HAVE_STDINT_H 1
| #define HAVE_UNISTD_H 1
| #define __EXTENSIONS__ 1
| #define _ALL_SOURCE 1
| #define _GNU_SOURCE 1
| #define _POSIX_PTHREAD_SEMANTICS 1
| #define _TANDEM_SOURCE 1
| #define HAVE_DLFCN_H 1
| #define PACKAGE "sim"
| #define HAVE_STDLIB_H 1
| #define HAVE_STRING_H 1
| #define HAVE_STRINGS_H 1
| #define HAVE_UNISTD_H 1
| #define HAVE_TIME_H 1
| #define HAVE_SYS_TIME_H 1
| #define HAVE_SYS_RESOURCE_H 1
| #define HAVE_FCNTL_H 1
| #define HAVE_FPU_CONTROL_H 1
| #define HAVE_DLFCN_H 1
| #define HAVE_ERRNO_H 1
| #define HAVE_SYS_STAT_H 1
| #define HAVE_GETRUSAGE 1
| #define HAVE_TIME 1
| #define HAVE_SIGACTION 1
| #define HAVE_LIBNSL 1
| #define HAVE_ZLIB_H 1
| #define HAVE_DLFCN_H 1
| /* end confdefs.h.  */
| #include <stdio.h>
| #ifdef HAVE_SYS_TYPES_H
| # include <sys/types.h>
| #endif
| #ifdef HAVE_SYS_STAT_H
| # include <sys/stat.h>
| #endif
| #ifdef STDC_HEADERS
| # include <stdlib.h>
| # include <stddef.h>
| #else
| # ifdef HAVE_STDLIB_H
| #  include <stdlib.h>
| # endif
| #endif
| #ifdef HAVE_STRING_H
| # if !defined STDC_HEADERS && defined HAVE_MEMORY_H
| #  include <memory.h>
| # endif
| # include <string.h>
| #endif
| #ifdef HAVE_STRINGS_H
| # include <strings.h>
| #endif
| #ifdef HAVE_INTTYPES_H
| # include <inttypes.h>
| #endif
| #ifdef HAVE_STDINT_H
| # include <stdint.h>
| #endif
| #ifdef HAVE_UNISTD_H
| # include <unistd.h>
| #endif
| 
| #include <windows.h>
configure:8786: result: no
configure:8813: checking for library containing dlopen
configure:8844: gcc -o conftest -g -O2  -static-libstdc++ -static-libgcc  conftest.c -lz -lnsl  >&5
/tmp/ccVUsTjD.o: In function `main':
/home/wink/docker/ubuntu12.04-gcc/build/binutils-gdb/sim/arm/conftest.c:55: undefined reference to `dlopen'
collect2: ld returned 1 exit status
configure:8844: $? = 1
configure: failed program was:
| /* confdefs.h */
| #define PACKAGE_NAME ""
| #define PACKAGE_TARNAME ""
| #define PACKAGE_VERSION ""
| #define PACKAGE_STRING ""
| #define PACKAGE_BUGREPORT ""
| #define PACKAGE_URL ""
| #define STDC_HEADERS 1
| #define HAVE_SYS_TYPES_H 1
| #define HAVE_SYS_STAT_H 1
| #define HAVE_STDLIB_H 1
| #define HAVE_STRING_H 1
| #define HAVE_MEMORY_H 1
| #define HAVE_STRINGS_H 1
| #define HAVE_INTTYPES_H 1
| #define HAVE_STDINT_H 1
| #define HAVE_UNISTD_H 1
| #define __EXTENSIONS__ 1
| #define _ALL_SOURCE 1
| #define _GNU_SOURCE 1
| #define _POSIX_PTHREAD_SEMANTICS 1
| #define _TANDEM_SOURCE 1
| #define HAVE_DLFCN_H 1
| #define PACKAGE "sim"
| #define HAVE_STDLIB_H 1
| #define HAVE_STRING_H 1
| #define HAVE_STRINGS_H 1
| #define HAVE_UNISTD_H 1
| #define HAVE_TIME_H 1
| #define HAVE_SYS_TIME_H 1
| #define HAVE_SYS_RESOURCE_H 1
| #define HAVE_FCNTL_H 1
| #define HAVE_FPU_CONTROL_H 1
| #define HAVE_DLFCN_H 1
| #define HAVE_ERRNO_H 1
| #define HAVE_SYS_STAT_H 1
| #define HAVE_GETRUSAGE 1
| #define HAVE_TIME 1
| #define HAVE_SIGACTION 1
| #define HAVE_LIBNSL 1
| #define HAVE_ZLIB_H 1
| #define HAVE_DLFCN_H 1
| /* end confdefs.h.  */
| 
| /* Override any GCC internal prototype to avoid an error.
|    Use char because int might match the return type of a GCC
|    builtin and then its argument prototype would still apply.  */
| #ifdef __cplusplus
| extern "C"
| #endif
| char dlopen ();
| int
| main ()
| {
| return dlopen ();
|   ;
|   return 0;
| }
configure:8844: gcc -o conftest -g -O2  -static-libstdc++ -static-libgcc  conftest.c -ldl  -lz -lnsl  >&5
configure:8844: $? = 0
configure:8861: result: -ldl
configure:9054: checking for objdir
configure:9069: result: .libs
configure:9340: checking if gcc supports -fno-rtti -fno-exceptions
configure:9358: gcc -c -g -O2  -fno-rtti -fno-exceptions conftest.c >&5
cc1: warning: command line option '-fno-rtti' is valid for C++/ObjC++ but not for C [enabled by default]
configure:9362: $? = 0
configure:9375: result: no
configure:9395: checking for gcc option to produce PIC
configure:9681: result: -fPIC -DPIC
configure:9693: checking if gcc PIC flag -fPIC -DPIC works
configure:9711: gcc -c -g -O2  -fPIC -DPIC -DPIC conftest.c >&5
configure:9715: $? = 0
configure:9728: result: yes
configure:9752: checking if gcc static flag -static works
configure:9780: result: yes
configure:9795: checking if gcc supports -c -o file.o
configure:9816: gcc -c -g -O2  -o out/conftest2.o conftest.c >&5
configure:9820: $? = 0
configure:9842: result: yes
configure:9850: checking if gcc supports -c -o file.o
configure:9897: result: yes
configure:9930: checking whether the gcc linker (ld -m elf_x86_64) supports shared libraries
configure:11001: result: yes
configure:11038: checking whether -lc should be explicitly linked in
configure:11046: gcc -c -g -O2  conftest.c >&5
configure:11049: $? = 0
configure:11064: gcc -shared conftest.o  -v -Wl,-soname -Wl,conftest -o conftest 2\>\&1 \| /bin/grep  -lc  \>/dev/null 2\>\&1
configure:11067: $? = 0
configure:11081: result: no
configure:11246: checking dynamic linker characteristics
configure:11697: gcc -o conftest -g -O2  -static-libstdc++ -static-libgcc  -Wl,-rpath -Wl,/foo conftest.c -ldl -lz -lnsl  >&5
configure:11697: $? = 0
configure:11919: result: GNU/Linux ld.so
configure:12026: checking how to hardcode library paths into programs
configure:12051: result: immediate
configure:12145: checking for shl_load
configure:12145: gcc -o conftest -g -O2  -static-libstdc++ -static-libgcc  conftest.c -ldl -lz -lnsl  >&5
/tmp/ccHiHytQ.o: In function `main':
/home/wink/docker/ubuntu12.04-gcc/build/binutils-gdb/sim/arm/conftest.c:79: undefined reference to `shl_load'
collect2: ld returned 1 exit status
configure:12145: $? = 1
configure: failed program was:
| /* confdefs.h */
| #define PACKAGE_NAME ""
| #define PACKAGE_TARNAME ""
| #define PACKAGE_VERSION ""
| #define PACKAGE_STRING ""
| #define PACKAGE_BUGREPORT ""
| #define PACKAGE_URL ""
| #define STDC_HEADERS 1
| #define HAVE_SYS_TYPES_H 1
| #define HAVE_SYS_STAT_H 1
| #define HAVE_STDLIB_H 1
| #define HAVE_STRING_H 1
| #define HAVE_MEMORY_H 1
| #define HAVE_STRINGS_H 1
| #define HAVE_INTTYPES_H 1
| #define HAVE_STDINT_H 1
| #define HAVE_UNISTD_H 1
| #define __EXTENSIONS__ 1
| #define _ALL_SOURCE 1
| #define _GNU_SOURCE 1
| #define _POSIX_PTHREAD_SEMANTICS 1
| #define _TANDEM_SOURCE 1
| #define HAVE_DLFCN_H 1
| #define PACKAGE "sim"
| #define HAVE_STDLIB_H 1
| #define HAVE_STRING_H 1
| #define HAVE_STRINGS_H 1
| #define HAVE_UNISTD_H 1
| #define HAVE_TIME_H 1
| #define HAVE_SYS_TIME_H 1
| #define HAVE_SYS_RESOURCE_H 1
| #define HAVE_FCNTL_H 1
| #define HAVE_FPU_CONTROL_H 1
| #define HAVE_DLFCN_H 1
| #define HAVE_ERRNO_H 1
| #define HAVE_SYS_STAT_H 1
| #define HAVE_GETRUSAGE 1
| #define HAVE_TIME 1
| #define HAVE_SIGACTION 1
| #define HAVE_LIBNSL 1
| #define HAVE_ZLIB_H 1
| #define HAVE_DLFCN_H 1
| #define LT_OBJDIR ".libs/"
| /* end confdefs.h.  */
| /* Define shl_load to an innocuous variant, in case <limits.h> declares shl_load.
|    For example, HP-UX 11i <limits.h> declares gettimeofday.  */
| #define shl_load innocuous_shl_load
| 
| /* System header to define __stub macros and hopefully few prototypes,
|     which can conflict with char shl_load (); below.
|     Prefer <limits.h> to <assert.h> if __STDC__ is defined, since
|     <limits.h> exists even on freestanding compilers.  */
| 
| #ifdef __STDC__
| # include <limits.h>
| #else
| # include <assert.h>
| #endif
| 
| #undef shl_load
| 
| /* Override any GCC internal prototype to avoid an error.
|    Use char because int might match the return type of a GCC
|    builtin and then its argument prototype would still apply.  */
| #ifdef __cplusplus
| extern "C"
| #endif
| char shl_load ();
| /* The GNU C library defines this for functions which it implements
|     to always fail with ENOSYS.  Some functions are actually named
|     something starting with __ and the normal name is an alias.  */
| #if defined __stub_shl_load || defined __stub___shl_load
| choke me
| #endif
| 
| int
| main ()
| {
| return shl_load ();
|   ;
|   return 0;
| }
configure:12145: result: no
configure:12149: checking for shl_load in -ldld
configure:12174: gcc -o conftest -g -O2  -static-libstdc++ -static-libgcc  conftest.c -ldld  -ldl -lz -lnsl  >&5
/usr/bin/ld: cannot find -ldld
collect2: ld returned 1 exit status
configure:12174: $? = 1
configure: failed program was:
| /* confdefs.h */
| #define PACKAGE_NAME ""
| #define PACKAGE_TARNAME ""
| #define PACKAGE_VERSION ""
| #define PACKAGE_STRING ""
| #define PACKAGE_BUGREPORT ""
| #define PACKAGE_URL ""
| #define STDC_HEADERS 1
| #define HAVE_SYS_TYPES_H 1
| #define HAVE_SYS_STAT_H 1
| #define HAVE_STDLIB_H 1
| #define HAVE_STRING_H 1
| #define HAVE_MEMORY_H 1
| #define HAVE_STRINGS_H 1
| #define HAVE_INTTYPES_H 1
| #define HAVE_STDINT_H 1
| #define HAVE_UNISTD_H 1
| #define __EXTENSIONS__ 1
| #define _ALL_SOURCE 1
| #define _GNU_SOURCE 1
| #define _POSIX_PTHREAD_SEMANTICS 1
| #define _TANDEM_SOURCE 1
| #define HAVE_DLFCN_H 1
| #define PACKAGE "sim"
| #define HAVE_STDLIB_H 1
| #define HAVE_STRING_H 1
| #define HAVE_STRINGS_H 1
| #define HAVE_UNISTD_H 1
| #define HAVE_TIME_H 1
| #define HAVE_SYS_TIME_H 1
| #define HAVE_SYS_RESOURCE_H 1
| #define HAVE_FCNTL_H 1
| #define HAVE_FPU_CONTROL_H 1
| #define HAVE_DLFCN_H 1
| #define HAVE_ERRNO_H 1
| #define HAVE_SYS_STAT_H 1
| #define HAVE_GETRUSAGE 1
| #define HAVE_TIME 1
| #define HAVE_SIGACTION 1
| #define HAVE_LIBNSL 1
| #define HAVE_ZLIB_H 1
| #define HAVE_DLFCN_H 1
| #define LT_OBJDIR ".libs/"
| /* end confdefs.h.  */
| 
| /* Override any GCC internal prototype to avoid an error.
|    Use char because int might match the return type of a GCC
|    builtin and then its argument prototype would still apply.  */
| #ifdef __cplusplus
| extern "C"
| #endif
| char shl_load ();
| int
| main ()
| {
| return shl_load ();
|   ;
|   return 0;
| }
configure:12183: result: no
configure:12188: checking for dlopen
configure:12188: gcc -o conftest -g -O2  -static-libstdc++ -static-libgcc  conftest.c -ldl -lz -lnsl  >&5
configure:12188: $? = 0
configure:12188: result: yes
configure:12345: checking whether a program can dlopen itself
configure:12425: gcc -o conftest -g -O2  -DHAVE_DLFCN_H -static-libstdc++ -static-libgcc  -Wl,--export-dynamic conftest.c  -ldl -lz -lnsl  >&5
configure:12428: $? = 0
configure:12446: result: yes
configure:12451: checking whether a statically linked program can dlopen itself
configure:12531: gcc -o conftest -g -O2  -DHAVE_DLFCN_H -static-libstdc++ -static-libgcc  -Wl,--export-dynamic -static conftest.c  -ldl -lz -lnsl  >&5
/tmp/ccgCVZJZ.o: In function `main':
/home/wink/docker/ubuntu12.04-gcc/build/binutils-gdb/sim/arm/configure:12511: warning: Using 'dlopen' in statically linked applications requires at runtime the shared libraries from the glibc version used for linking
/usr/bin/ld: dynamic STT_GNU_IFUNC symbol `strcmp' with pointer equality in `/usr/lib/gcc/x86_64-linux-gnu/4.6/../../../x86_64-linux-gnu/libc.a(strcmp.o)' can not be used when making an executable; recompile with -fPIE and relink with -pie
collect2: ld returned 1 exit status
configure:12534: $? = 1
configure:12552: result: no
configure:12591: checking whether stripping libraries is possible
configure:12596: result: yes
configure:12631: checking if libtool supports shared libraries
configure:12633: result: yes
configure:12636: checking whether to build shared libraries
configure:12657: result: yes
configure:12660: checking whether to build static libraries
configure:12664: result: yes
configure:12706: checking whether to enable maintainer-specific portions of Makefiles
configure:12715: result: no
configure:12904: checking return type of signal handlers
configure:12922: gcc -c -g -O2  conftest.c >&5
conftest.c: In function 'main':
conftest.c:53:1: error: void value not ignored as it ought to be
configure:12922: $? = 1
configure: failed program was:
| /* confdefs.h */
| #define PACKAGE_NAME ""
| #define PACKAGE_TARNAME ""
| #define PACKAGE_VERSION ""
| #define PACKAGE_STRING ""
| #define PACKAGE_BUGREPORT ""
| #define PACKAGE_URL ""
| #define STDC_HEADERS 1
| #define HAVE_SYS_TYPES_H 1
| #define HAVE_SYS_STAT_H 1
| #define HAVE_STDLIB_H 1
| #define HAVE_STRING_H 1
| #define HAVE_MEMORY_H 1
| #define HAVE_STRINGS_H 1
| #define HAVE_INTTYPES_H 1
| #define HAVE_STDINT_H 1
| #define HAVE_UNISTD_H 1
| #define __EXTENSIONS__ 1
| #define _ALL_SOURCE 1
| #define _GNU_SOURCE 1
| #define _POSIX_PTHREAD_SEMANTICS 1
| #define _TANDEM_SOURCE 1
| #define HAVE_DLFCN_H 1
| #define PACKAGE "sim"
| #define HAVE_STDLIB_H 1
| #define HAVE_STRING_H 1
| #define HAVE_STRINGS_H 1
| #define HAVE_UNISTD_H 1
| #define HAVE_TIME_H 1
| #define HAVE_SYS_TIME_H 1
| #define HAVE_SYS_RESOURCE_H 1
| #define HAVE_FCNTL_H 1
| #define HAVE_FPU_CONTROL_H 1
| #define HAVE_DLFCN_H 1
| #define HAVE_ERRNO_H 1
| #define HAVE_SYS_STAT_H 1
| #define HAVE_GETRUSAGE 1
| #define HAVE_TIME 1
| #define HAVE_SIGACTION 1
| #define HAVE_LIBNSL 1
| #define HAVE_ZLIB_H 1
| #define HAVE_DLFCN_H 1
| #define LT_OBJDIR ".libs/"
| #define PKGVERSION "(GDB) "
| #define REPORT_BUGS_TO "<http://www.gnu.org/software/gdb/bugs/>"
| /* end confdefs.h.  */
| #include <sys/types.h>
| #include <signal.h>
| 
| int
| main ()
| {
| return *(signal (0, 0)) (0) == 1;
|   ;
|   return 0;
| }
configure:12929: result: void
configure:12963: checking for unistd.h
configure:12963: result: yes
configure:12963: checking for stdint.h
configure:12963: result: yes
configure:13069: updating cache .././config.cache
configure:13118: creating ./config.status

## ---------------------- ##
## Running config.status. ##
## ---------------------- ##

This file was extended by config.status, which was
generated by GNU Autoconf 2.64.  Invocation command line was

  CONFIG_FILES    = 
  CONFIG_HEADERS  = 
  CONFIG_LINKS    = 
  CONFIG_COMMANDS = 
  $ ./config.status 

on fcf30456c641

config.status:1131: creating Makefile.sim
config.status:1131: creating Make-common.sim
config.status:1131: creating .gdbinit
config.status:1131: creating config.h
config.status:1316: linking /home/wink/docker/ubuntu12.04-gcc/srcs/binutils-gdb/sim/arm/tconfig.in to tconfig.h
config.status:1316: linking /home/wink/docker/ubuntu12.04-gcc/srcs/binutils-gdb/sim/arm/../common/nltvals.def to targ-vals.def
config.status:1335: executing depdir commands
config.status:1335: executing libtool commands
config.status:1335: executing Makefile commands
config.status:1335: executing stamp-h commands

## ---------------- ##
## Cache variables. ##
## ---------------- ##

ac_cv_build=x86_64-unknown-linux-gnu
ac_cv_c_compiler_gnu=yes
ac_cv_env_CC_set=set
ac_cv_env_CC_value=gcc
ac_cv_env_CFLAGS_set=set
ac_cv_env_CFLAGS_value='-g -O2'
ac_cv_env_CPPFLAGS_set=
ac_cv_env_CPPFLAGS_value=
ac_cv_env_CPP_set=
ac_cv_env_CPP_value=
ac_cv_env_LDFLAGS_set=set
ac_cv_env_LDFLAGS_value='-static-libstdc++ -static-libgcc '
ac_cv_env_LIBS_set=
ac_cv_env_LIBS_value=
ac_cv_env_build_alias_set=set
ac_cv_env_build_alias_value=x86_64-unknown-linux-gnu
ac_cv_env_host_alias_set=set
ac_cv_env_host_alias_value=x86_64-unknown-linux-gnu
ac_cv_env_target_alias_set=set
ac_cv_env_target_alias_value=arm-eabi
ac_cv_func___setfpucw=no
ac_cv_func_dlopen=yes
ac_cv_func_getrusage=yes
ac_cv_func_shl_load=no
ac_cv_func_sigaction=yes
ac_cv_func_time=yes
ac_cv_header_dlfcn_h=yes
ac_cv_header_errno_h=yes
ac_cv_header_fcntl_h=yes
ac_cv_header_fpu_control_h=yes
ac_cv_header_inttypes_h=yes
ac_cv_header_memory_h=yes
ac_cv_header_minix_config_h=no
ac_cv_header_stdc=yes
ac_cv_header_stdint_h=yes
ac_cv_header_stdlib_h=yes
ac_cv_header_string_h=yes
ac_cv_header_strings_h=yes
ac_cv_header_sys_resource_h=yes
ac_cv_header_sys_stat_h=yes
ac_cv_header_sys_time_h=yes
ac_cv_header_sys_types_h=yes
ac_cv_header_time_h=yes
ac_cv_header_unistd_h=yes
ac_cv_header_windows_h=no
ac_cv_header_zlib_h=yes
ac_cv_host=x86_64-unknown-linux-gnu
ac_cv_lib_dld_shl_load=no
ac_cv_lib_nsl_gethostbyname=yes
ac_cv_lib_socket_bind=no
ac_cv_objext=o
ac_cv_path_EGREP='/bin/grep -E'
ac_cv_path_FGREP='/bin/grep -F'
ac_cv_path_GREP=/bin/grep
ac_cv_path_SED=/bin/sed
ac_cv_prog_AR=ar
ac_cv_prog_AWK=gawk
ac_cv_prog_CC=gcc
ac_cv_prog_CPP='gcc -E'
ac_cv_prog_MAKE=make
ac_cv_prog_OBJDUMP=objdump
ac_cv_prog_RANLIB=ranlib
ac_cv_prog_ac_ct_STRIP=strip
ac_cv_prog_cc_c89=
ac_cv_prog_cc_g=yes
ac_cv_safe_to_define___extensions__=yes
ac_cv_search_dlopen=-ldl
ac_cv_search_zlibVersion=-lz
ac_cv_target=arm-unknown-eabi
ac_cv_type_signal=void
am_cv_CC_dependencies_compiler_type=gcc3
lt_cv_archive_cmds_need_lc=no
lt_cv_deplibs_check_method=pass_all
lt_cv_dlopen=dlopen
lt_cv_dlopen_libs=
lt_cv_dlopen_self=yes
lt_cv_dlopen_self_static=no
lt_cv_file_magic_cmd='$MAGIC_CMD'
lt_cv_file_magic_test_file=
lt_cv_ld_reload_flag=-r
lt_cv_nm_interface='BSD nm'
lt_cv_objdir=.libs
lt_cv_path_LD=ld
lt_cv_path_NM=nm
lt_cv_prog_compiler_c_o=yes
lt_cv_prog_compiler_pic_works=yes
lt_cv_prog_compiler_rtti_exceptions=no
lt_cv_prog_compiler_static_works=yes
lt_cv_prog_gnu_ld=yes
lt_cv_shlibpath_overrides_runpath=no
lt_cv_sys_global_symbol_pipe='sed -n -e '\''s/^.*[	 ]\([ABCDGIRSTW][ABCDGIRSTW]*\)[	 ][	 ]*\([_A-Za-z][_A-Za-z0-9]*\)$/\1 \2 \2/p'\'''
lt_cv_sys_global_symbol_to_c_name_address='sed -n -e '\''s/^: \([^ ]*\) $/  {\"\1\", (void *) 0},/p'\'' -e '\''s/^[ABCDGIRSTW]* \([^ ]*\) \([^ ]*\)$/  {"\2", (void *) \&\2},/p'\'''
lt_cv_sys_global_symbol_to_c_name_address_lib_prefix='sed -n -e '\''s/^: \([^ ]*\) $/  {\"\1\", (void *) 0},/p'\'' -e '\''s/^[ABCDGIRSTW]* \([^ ]*\) \(lib[^ ]*\)$/  {"\2", (void *) \&\2},/p'\'' -e '\''s/^[ABCDGIRSTW]* \([^ ]*\) \([^ ]*\)$/  {"lib\2", (void *) \&\2},/p'\'''
lt_cv_sys_global_symbol_to_cdecl='sed -n -e '\''s/^T .* \(.*\)$/extern int \1();/p'\'' -e '\''s/^[ABCDGIRSTW]* .* \(.*\)$/extern char \1;/p'\'''
lt_cv_sys_max_cmd_len=3458764513820540925

## ----------------- ##
## Output variables. ##
## ----------------- ##

AR='ar'
AWK='gawk'
CATALOGS=''
CATOBJEXT=''
CC='gcc'
CCDEPMODE='depmode=gcc3'
CC_FOR_BUILD='$(CC)'
CFLAGS='-g -O2'
COPRO='armcopro.o maverick.o iwmmxt.o'
CPP='gcc -E'
CPPFLAGS=''
DATADIRNAME=''
DEFS='-DHAVE_CONFIG_H'
DEPDIR='.deps'
DSYMUTIL=''
DUMPBIN=''
ECHO_C=''
ECHO_N='-n'
ECHO_T=''
EGREP='/bin/grep -E'
EXEEXT=''
FGREP='/bin/grep -F'
GENCAT=''
GMAKE_FALSE='#'
GMAKE_TRUE=''
GMSGFMT='/usr/bin/msgfmt'
GREP='/bin/grep'
HDEFINES=''
INCINTL=''
INSTALL_DATA='/usr/bin/install -c -m 644'
INSTALL_PROGRAM='/usr/bin/install -c'
INSTALL_SCRIPT='/usr/bin/install -c'
INSTOBJEXT=''
LD='ld -m elf_x86_64'
LDFLAGS='-static-libstdc++ -static-libgcc '
LIBINTL=''
LIBINTL_DEP=''
LIBOBJS=''
LIBS='-ldl -lz -lnsl '
LIBTOOL='$(SHELL) $(top_builddir)/libtool'
LIPO=''
LN_S='ln -s'
LTLIBOBJS=''
MAINT='#'
MAINTAINER_MODE_FALSE=''
MAINTAINER_MODE_TRUE='#'
MAKE='make'
NM='nm'
NMEDIT=''
OBJDUMP='objdump'
OBJEXT='o'
OTOOL64=''
OTOOL=''
PACKAGE='sim'
PACKAGE_BUGREPORT=''
PACKAGE_NAME=''
PACKAGE_STRING=''
PACKAGE_TARNAME=''
PACKAGE_URL=''
PACKAGE_VERSION=''
PATH_SEPARATOR=':'
PKGVERSION='(GDB) '
PLUGINS_FALSE='#'
PLUGINS_TRUE=''
POSUB=''
RANLIB='ranlib'
REPORT_BUGS_TEXI='@uref{http://www.gnu.org/software/gdb/bugs/}'
REPORT_BUGS_TO='<http://www.gnu.org/software/gdb/bugs/>'
SED='/bin/sed'
SHELL='/bin/bash'
STRIP='strip'
USE_NLS='no'
WARN_CFLAGS=''
WERROR_CFLAGS=''
XGETTEXT='/usr/bin/xgettext'
ac_ct_CC=''
ac_ct_DUMPBIN=''
am__leading_dot='.'
bindir='${exec_prefix}/bin'
build='x86_64-unknown-linux-gnu'
build_alias='x86_64-unknown-linux-gnu'
build_cpu='x86_64'
build_os='linux-gnu'
build_vendor='unknown'
cgen_breaks=''
datadir='${datarootdir}'
datarootdir='${prefix}/share'
docdir='${datarootdir}/doc/${PACKAGE}'
dvidir='${docdir}'
exec_prefix='${prefix}'
host='x86_64-unknown-linux-gnu'
host_alias='x86_64-unknown-linux-gnu'
host_cpu='x86_64'
host_os='linux-gnu'
host_vendor='unknown'
htmldir='${docdir}'
includedir='${prefix}/include'
infodir='${datarootdir}/info'
libdir='${exec_prefix}/lib'
libexecdir='${exec_prefix}/libexec'
localedir='${datarootdir}/locale'
localstatedir='${prefix}/var'
lt_cv_dlopen_libs=''
mandir='${datarootdir}/man'
oldincludedir='/usr/include'
pdfdir='${docdir}'
prefix='/home/wink/docker/ubuntu12.04-gcc/opt/cross'
program_transform_name='s&^&arm-eabi-&'
psdir='${docdir}'
sbindir='${exec_prefix}/sbin'
sharedstatedir='${prefix}/com'
sim_alignment=''
sim_assert=''
sim_bitsize=''
sim_bswap=''
sim_cflags=''
sim_debug=''
sim_default_model=''
sim_endian=''
sim_environment=''
sim_float=''
sim_hostendian=''
sim_hw=''
sim_hw_cflags=''
sim_hw_objs=''
sim_inline='-DDEFAULT_INLINE=0'
sim_packages=''
sim_profile='-DPROFILE=1 -DWITH_PROFILE=-1'
sim_regparm=''
sim_reserved_bits=''
sim_scache=''
sim_smp=''
sim_stdcall=''
sim_stdio=''
sim_trace=''
sim_xor_endian=''
sysconfdir='${prefix}/etc'
target='arm-unknown-eabi'
target_alias='arm-eabi'
target_cpu='arm'
target_os='eabi'
target_vendor='unknown'

## ----------- ##
## confdefs.h. ##
## ----------- ##

/* confdefs.h */
#define PACKAGE_NAME ""
#define PACKAGE_TARNAME ""
#define PACKAGE_VERSION ""
#define PACKAGE_STRING ""
#define PACKAGE_BUGREPORT ""
#define PACKAGE_URL ""
#define STDC_HEADERS 1
#define HAVE_SYS_TYPES_H 1
#define HAVE_SYS_STAT_H 1
#define HAVE_STDLIB_H 1
#define HAVE_STRING_H 1
#define HAVE_MEMORY_H 1
#define HAVE_STRINGS_H 1
#define HAVE_INTTYPES_H 1
#define HAVE_STDINT_H 1
#define HAVE_UNISTD_H 1
#define __EXTENSIONS__ 1
#define _ALL_SOURCE 1
#define _GNU_SOURCE 1
#define _POSIX_PTHREAD_SEMANTICS 1
#define _TANDEM_SOURCE 1
#define HAVE_DLFCN_H 1
#define PACKAGE "sim"
#define HAVE_STDLIB_H 1
#define HAVE_STRING_H 1
#define HAVE_STRINGS_H 1
#define HAVE_UNISTD_H 1
#define HAVE_TIME_H 1
#define HAVE_SYS_TIME_H 1
#define HAVE_SYS_RESOURCE_H 1
#define HAVE_FCNTL_H 1
#define HAVE_FPU_CONTROL_H 1
#define HAVE_DLFCN_H 1
#define HAVE_ERRNO_H 1
#define HAVE_SYS_STAT_H 1
#define HAVE_GETRUSAGE 1
#define HAVE_TIME 1
#define HAVE_SIGACTION 1
#define HAVE_LIBNSL 1
#define HAVE_ZLIB_H 1
#define HAVE_DLFCN_H 1
#define LT_OBJDIR ".libs/"
#define PKGVERSION "(GDB) "
#define REPORT_BUGS_TO "<http://www.gnu.org/software/gdb/bugs/>"
#define RETSIGTYPE void
#define HAVE_UNISTD_H 1
#define HAVE_STDINT_H 1

configure: exit 0
